CRITICAL - 2020-04-19 20:18:17 --> Access denied for user ''@'localhost' (using password: NO)
#0 /Applications/MAMP/htdocs/singing-contest-simulation/system/Database/BaseConnection.php(377): CodeIgniter\Database\MySQLi\Connection->connect(false)
#1 /Applications/MAMP/htdocs/singing-contest-simulation/system/Database/BaseConnection.php(643): CodeIgniter\Database\BaseConnection->initialize()
#2 /Applications/MAMP/htdocs/singing-contest-simulation/system/Database/BaseBuilder.php(2206): CodeIgniter\Database\BaseConnection->query('INSERT INTO `co...', Array, false)
#3 /Applications/MAMP/htdocs/singing-contest-simulation/system/Model.php(722): CodeIgniter\Database\BaseBuilder->insert()
#4 /Applications/MAMP/htdocs/singing-contest-simulation/system/Model.php(550): CodeIgniter\Model->insert(Array, false)
#5 /Applications/MAMP/htdocs/singing-contest-simulation/app/Controllers/Contest.php(14): CodeIgniter\Model->save(Object(App\Entities\ContestEntity))
#6 /Applications/MAMP/htdocs/singing-contest-simulation/system/CodeIgniter.php(910): App\Controllers\Contest->index()
#7 /Applications/MAMP/htdocs/singing-contest-simulation/system/CodeIgniter.php(398): CodeIgniter\CodeIgniter->runController(Object(App\Controllers\Contest))
#8 /Applications/MAMP/htdocs/singing-contest-simulation/system/CodeIgniter.php(306): CodeIgniter\CodeIgniter->handleRequest(NULL, Object(Config\Cache), false)
#9 /Applications/MAMP/htdocs/singing-contest-simulation/public/index.php(45): CodeIgniter\CodeIgniter->run()
#10 {main}
CRITICAL - 2020-04-19 20:18:32 --> Access denied for user ''@'localhost' (using password: NO)
#0 /Applications/MAMP/htdocs/singing-contest-simulation/system/Database/BaseConnection.php(377): CodeIgniter\Database\MySQLi\Connection->connect(false)
#1 /Applications/MAMP/htdocs/singing-contest-simulation/system/Database/BaseConnection.php(643): CodeIgniter\Database\BaseConnection->initialize()
#2 /Applications/MAMP/htdocs/singing-contest-simulation/system/Database/BaseBuilder.php(2206): CodeIgniter\Database\BaseConnection->query('INSERT INTO `co...', Array, false)
#3 /Applications/MAMP/htdocs/singing-contest-simulation/system/Model.php(722): CodeIgniter\Database\BaseBuilder->insert()
#4 /Applications/MAMP/htdocs/singing-contest-simulation/system/Model.php(550): CodeIgniter\Model->insert(Array, false)
#5 /Applications/MAMP/htdocs/singing-contest-simulation/app/Controllers/Contest.php(14): CodeIgniter\Model->save(Object(App\Entities\ContestEntity))
#6 /Applications/MAMP/htdocs/singing-contest-simulation/system/CodeIgniter.php(910): App\Controllers\Contest->index()
#7 /Applications/MAMP/htdocs/singing-contest-simulation/system/CodeIgniter.php(398): CodeIgniter\CodeIgniter->runController(Object(App\Controllers\Contest))
#8 /Applications/MAMP/htdocs/singing-contest-simulation/system/CodeIgniter.php(306): CodeIgniter\CodeIgniter->handleRequest(NULL, Object(Config\Cache), false)
#9 /Applications/MAMP/htdocs/singing-contest-simulation/public/index.php(45): CodeIgniter\CodeIgniter->run()
#10 {main}
CRITICAL - 2020-04-19 20:18:43 --> Access denied for user ''@'localhost' (using password: NO)
#0 /Applications/MAMP/htdocs/singing-contest-simulation/system/Database/BaseConnection.php(377): CodeIgniter\Database\MySQLi\Connection->connect(false)
#1 /Applications/MAMP/htdocs/singing-contest-simulation/system/Database/BaseConnection.php(643): CodeIgniter\Database\BaseConnection->initialize()
#2 /Applications/MAMP/htdocs/singing-contest-simulation/system/Database/BaseBuilder.php(2206): CodeIgniter\Database\BaseConnection->query('INSERT INTO `co...', Array, false)
#3 /Applications/MAMP/htdocs/singing-contest-simulation/system/Model.php(722): CodeIgniter\Database\BaseBuilder->insert()
#4 /Applications/MAMP/htdocs/singing-contest-simulation/system/Model.php(550): CodeIgniter\Model->insert(Array, false)
#5 /Applications/MAMP/htdocs/singing-contest-simulation/app/Controllers/Contest.php(14): CodeIgniter\Model->save(Object(App\Entities\ContestEntity))
#6 /Applications/MAMP/htdocs/singing-contest-simulation/system/CodeIgniter.php(910): App\Controllers\Contest->index()
#7 /Applications/MAMP/htdocs/singing-contest-simulation/system/CodeIgniter.php(398): CodeIgniter\CodeIgniter->runController(Object(App\Controllers\Contest))
#8 /Applications/MAMP/htdocs/singing-contest-simulation/system/CodeIgniter.php(306): CodeIgniter\CodeIgniter->handleRequest(NULL, Object(Config\Cache), false)
#9 /Applications/MAMP/htdocs/singing-contest-simulation/public/index.php(45): CodeIgniter\CodeIgniter->run()
#10 {main}
CRITICAL - 2020-04-19 20:18:44 --> Access denied for user ''@'localhost' (using password: NO)
#0 /Applications/MAMP/htdocs/singing-contest-simulation/system/Database/BaseConnection.php(377): CodeIgniter\Database\MySQLi\Connection->connect(false)
#1 /Applications/MAMP/htdocs/singing-contest-simulation/system/Database/BaseConnection.php(643): CodeIgniter\Database\BaseConnection->initialize()
#2 /Applications/MAMP/htdocs/singing-contest-simulation/system/Database/BaseBuilder.php(2206): CodeIgniter\Database\BaseConnection->query('INSERT INTO `co...', Array, false)
#3 /Applications/MAMP/htdocs/singing-contest-simulation/system/Model.php(722): CodeIgniter\Database\BaseBuilder->insert()
#4 /Applications/MAMP/htdocs/singing-contest-simulation/system/Model.php(550): CodeIgniter\Model->insert(Array, false)
#5 /Applications/MAMP/htdocs/singing-contest-simulation/app/Controllers/Contest.php(14): CodeIgniter\Model->save(Object(App\Entities\ContestEntity))
#6 /Applications/MAMP/htdocs/singing-contest-simulation/system/CodeIgniter.php(910): App\Controllers\Contest->index()
#7 /Applications/MAMP/htdocs/singing-contest-simulation/system/CodeIgniter.php(398): CodeIgniter\CodeIgniter->runController(Object(App\Controllers\Contest))
#8 /Applications/MAMP/htdocs/singing-contest-simulation/system/CodeIgniter.php(306): CodeIgniter\CodeIgniter->handleRequest(NULL, Object(Config\Cache), false)
#9 /Applications/MAMP/htdocs/singing-contest-simulation/public/index.php(45): CodeIgniter\CodeIgniter->run()
#10 {main}
CRITICAL - 2020-04-19 20:18:44 --> Access denied for user ''@'localhost' (using password: NO)
#0 /Applications/MAMP/htdocs/singing-contest-simulation/system/Database/BaseConnection.php(377): CodeIgniter\Database\MySQLi\Connection->connect(false)
#1 /Applications/MAMP/htdocs/singing-contest-simulation/system/Database/BaseConnection.php(643): CodeIgniter\Database\BaseConnection->initialize()
#2 /Applications/MAMP/htdocs/singing-contest-simulation/system/Database/BaseBuilder.php(2206): CodeIgniter\Database\BaseConnection->query('INSERT INTO `co...', Array, false)
#3 /Applications/MAMP/htdocs/singing-contest-simulation/system/Model.php(722): CodeIgniter\Database\BaseBuilder->insert()
#4 /Applications/MAMP/htdocs/singing-contest-simulation/system/Model.php(550): CodeIgniter\Model->insert(Array, false)
#5 /Applications/MAMP/htdocs/singing-contest-simulation/app/Controllers/Contest.php(14): CodeIgniter\Model->save(Object(App\Entities\ContestEntity))
#6 /Applications/MAMP/htdocs/singing-contest-simulation/system/CodeIgniter.php(910): App\Controllers\Contest->index()
#7 /Applications/MAMP/htdocs/singing-contest-simulation/system/CodeIgniter.php(398): CodeIgniter\CodeIgniter->runController(Object(App\Controllers\Contest))
#8 /Applications/MAMP/htdocs/singing-contest-simulation/system/CodeIgniter.php(306): CodeIgniter\CodeIgniter->handleRequest(NULL, Object(Config\Cache), false)
#9 /Applications/MAMP/htdocs/singing-contest-simulation/public/index.php(45): CodeIgniter\CodeIgniter->run()
#10 {main}
CRITICAL - 2020-04-19 20:21:39 --> Access denied for user ''@'localhost' (using password: NO)
#0 /Applications/MAMP/htdocs/singing-contest-simulation/system/Database/BaseConnection.php(377): CodeIgniter\Database\MySQLi\Connection->connect(false)
#1 /Applications/MAMP/htdocs/singing-contest-simulation/system/Database/BaseConnection.php(643): CodeIgniter\Database\BaseConnection->initialize()
#2 /Applications/MAMP/htdocs/singing-contest-simulation/system/Database/BaseBuilder.php(2206): CodeIgniter\Database\BaseConnection->query('INSERT INTO `co...', Array, false)
#3 /Applications/MAMP/htdocs/singing-contest-simulation/system/Model.php(722): CodeIgniter\Database\BaseBuilder->insert()
#4 /Applications/MAMP/htdocs/singing-contest-simulation/system/Model.php(550): CodeIgniter\Model->insert(Array, false)
#5 /Applications/MAMP/htdocs/singing-contest-simulation/app/Controllers/Contest.php(14): CodeIgniter\Model->save(Object(App\Entities\ContestEntity))
#6 /Applications/MAMP/htdocs/singing-contest-simulation/system/CodeIgniter.php(910): App\Controllers\Contest->index()
#7 /Applications/MAMP/htdocs/singing-contest-simulation/system/CodeIgniter.php(398): CodeIgniter\CodeIgniter->runController(Object(App\Controllers\Contest))
#8 /Applications/MAMP/htdocs/singing-contest-simulation/system/CodeIgniter.php(306): CodeIgniter\CodeIgniter->handleRequest(NULL, Object(Config\Cache), false)
#9 /Applications/MAMP/htdocs/singing-contest-simulation/public/index.php(45): CodeIgniter\CodeIgniter->run()
#10 {main}
CRITICAL - 2020-04-19 20:35:30 --> Class 'App\Entities\User' not found
#0 [internal function]: CodeIgniter\Debug\Exceptions->shutdownHandler()
#1 {main}
CRITICAL - 2020-04-19 20:36:39 --> Class 'App\Entities\Contest' not found
#0 [internal function]: CodeIgniter\Debug\Exceptions->shutdownHandler()
#1 {main}
CRITICAL - 2020-04-19 20:37:40 --> Class 'ContestEntity' not found
#0 [internal function]: CodeIgniter\Debug\Exceptions->shutdownHandler()
#1 {main}
